Build started 2015.10.01. 14:37:46.
     1>Project "C:\Users\st57906\Documents\Visual Studio 2013\Projects\ConsoleApplication1\Test4\Test4.vcxproj" on node 2 (Build target(s)).
     1>ClCompile:
         C:\Program Files (x86)\Microsoft Visual Studio 12.0\VC\bin\CL.exe /c /ZI /nologo /W3 /WX- /sdl /Od /Oy- /D WIN32 /D _DEBUG /D _CONSOLE /D _LIB /D _UNICODE /D UNICODE /Gm /EHsc /RTC1 /MDd /GS /fp:precise /Zc:wchar_t /Zc:forScope /Fo"Debug\\" /Fd"Debug\vc120.pdb" /Gd /TP /analyze- /errorReport:prompt Source.cpp
         Source.cpp
     1>c:\users\st57906\documents\visual studio 2013\projects\consoleapplication1\test4\source.cpp(12): error C2065: 'b' : undeclared identifier
     1>Done Building Project "C:\Users\st57906\Documents\Visual Studio 2013\Projects\ConsoleApplication1\Test4\Test4.vcxproj" (Build target(s)) -- FAILED.

Build FAILED.

Time Elapsed 00:00:00.45
